<?xml version="1.0" encoding="UTF-8"?>
<!-- Generated by org.testng.reporters.JUnitReportReporter -->
<testsuite skipped="0" hostname="admin1-desktop" name="com.bridgelabz.popuphandling.FileDownloadPopUp" tests="1" failures="0" timestamp="2020-02-07T14:29:42 IST" time="9.217" errors="0">
  <testcase name="main" time="9.217" classname="com.bridgelabz.popuphandling.FileDownloadPopUp"/>
</testsuite> <!-- com.bridgelabz.popuphandling.FileDownloadPopUp -->
