<?xml version="1.0" encoding="UTF-8"?>
<!-- Generated by org.testng.reporters.JUnitReportReporter -->
<testsuite skipped="0" hostname="admin1-desktop" name="com.parameters.ParameterTest" tests="1" failures="0" timestamp="2020-01-31T17:16:48 IST" time="10.312" errors="0">
  <testcase name="yahooLoginTest" time="10.312" classname="com.parameters.ParameterTest"/>
</testsuite> <!-- com.parameters.ParameterTest -->
