<?xml version="1.0" encoding="UTF-8"?>
<!-- Generated by org.testng.reporters.JUnitReportReporter -->
<testsuite skipped="0" hostname="admin1-desktop" name="com.json.qa.main.DDTestUsingJson" tests="3" failures="0" timestamp="2020-02-05T14:49:03 IST" time="32.716" errors="0">
  <testcase name="login" time="8.142" classname="com.json.qa.main.DDTestUsingJson"/>
  <testcase name="login" time="12.295" classname="com.json.qa.main.DDTestUsingJson"/>
  <testcase name="login" time="12.279" classname="com.json.qa.main.DDTestUsingJson"/>
</testsuite> <!-- com.json.qa.main.DDTestUsingJson -->
