<?xml version="1.0" encoding="UTF-8"?>
<!-- Generated by org.testng.reporters.JUnitReportReporter -->
<testsuite skipped="0" hostname="admin1-desktop" name="com.fb.qa.testcases.LoginPageTest" tests="1" failures="0" timestamp="03 Feb 2020 04:02:57 GMT" time="1.888" errors="0">
  <testcase name="titleTest" time="1.888" classname="com.fb.qa.testcases.LoginPageTest"/>
</testsuite> <!-- com.fb.qa.testcases.LoginPageTest -->
