<?xml version="1.0" encoding="UTF-8"?>
<!-- Generated by org.testng.reporters.JUnitReportReporter -->
<testsuite skipped="0" hostname="admin1-desktop" name="com.fb.qa.testcases.HomePageTest" tests="3" failures="0" timestamp="02 Feb 2020 11:08:19 GMT" time="29.727" errors="0">
  <testcase name="homePageTitleTest" time="8.361" classname="com.fb.qa.testcases.HomePageTest"/>
  <testcase name="findFriendsTest" time="10.622" classname="com.fb.qa.testcases.HomePageTest"/>
  <testcase name="messagePageTest" time="10.744" classname="com.fb.qa.testcases.HomePageTest"/>
</testsuite> <!-- com.fb.qa.testcases.HomePageTest -->
