<?xml version="1.0" encoding="UTF-8"?>
<!-- Generated by org.testng.reporters.JUnitReportReporter -->
<testsuite skipped="0" hostname="admin1-desktop" name="com.fb.qa.testcases.MarketPlaceTest" tests="2" failures="0" timestamp="05 Feb 2020 06:03:44 GMT" time="28.234" errors="0">
  <testcase name="marketPlaceClick" time="14.737" classname="com.fb.qa.testcases.MarketPlaceTest"/>
  <testcase name="marketPlaceTitleCheck" time="13.497" classname="com.fb.qa.testcases.MarketPlaceTest"/>
</testsuite> <!-- com.fb.qa.testcases.MarketPlaceTest -->
