<?xml version="1.0" encoding="UTF-8"?>
<!-- Generated by org.testng.reporters.JUnitReportReporter -->
<testsuite skipped="0" hostname="admin1-desktop" name="com.fb.qa.testcases.LoginPageTest" tests="2" failures="0" timestamp="02 Feb 2020 10:26:25 GMT" time="11.922" errors="0">
  <testcase name="titleTest" time="2.862" classname="com.fb.qa.testcases.LoginPageTest"/>
  <testcase name="loginTest" time="9.060" classname="com.fb.qa.testcases.LoginPageTest"/>
</testsuite> <!-- com.fb.qa.testcases.LoginPageTest -->
