<?xml version="1.0" encoding="UTF-8"?>
<!-- Generated by org.testng.reporters.JUnitReportReporter -->
<testsuite skipped="0" hostname="admin1-desktop" name="com.pdfreader.test.PDFReaderTest" tests="1" failures="0" timestamp="05 Feb 2020 12:04:46 GMT" time="2.071" errors="0">
  <testcase name="readPdfTest" time="2.071" classname="com.pdfreader.test.PDFReaderTest"/>
</testsuite> <!-- com.pdfreader.test.PDFReaderTest -->
