<?xml version="1.0" encoding="UTF-8"?>
<!-- Generated by org.testng.reporters.JUnitReportReporter -->
<testsuite skipped="0" hostname="admin1-desktop" name="com.pdfreader.test.PDFReaderTest" tests="1" failures="0" timestamp="2020-02-06T11:49:15 IST" time="22.236" errors="0">
  <testcase name="readPdfTest" time="22.236" classname="com.pdfreader.test.PDFReaderTest"/>
</testsuite> <!-- com.pdfreader.test.PDFReaderTest -->
