<?xml version="1.0" encoding="UTF-8"?>
<!-- Generated by org.testng.reporters.JUnitReportReporter -->
<testsuite skipped="0" hostname="admin1-desktop" name="com.qa.hs.tests.LoginTest" tests="1" failures="0" timestamp="2020-02-05T14:46:34 IST" time="9.357" errors="0">
  <testcase name="loginTest" time="9.357" classname="com.qa.hs.tests.LoginTest"/>
</testsuite> <!-- com.qa.hs.tests.LoginTest -->
